<?xml version="1.0" encoding="UTF-8"?>
<!-- Generated by org.testng.reporters.JUnitReportReporter -->
<testsuite hostname="DESKTOP-NDVQ92D" failures="0" tests="3" name="com.AppProject.AppLoginTest" time="5.766" errors="0" timestamp="2021-02-05T19:58:54 CST" skipped="1">
  <testcase classname="com.AppProject.AppLoginTest" name="verifyvalidlogin" time="3.795"/>
  <system-out>
verify user name  </system-out>
  <testcase classname="com.AppProject.AppLoginTest" name="verifyinvalidlogin" time="1.971"/>
  <system-out/>
  <testcase classname="com.AppProject.AppLoginTest" name="verifyhomelink">
    <skipped/>
  </testcase> <!-- verifyhomelink -->
  <system-out/>
</testsuite> <!-- com.AppProject.AppLoginTest -->
