<?xml version="1.0" encoding="UTF-8"?>
<!-- Generated by org.testng.reporters.JUnitReportReporter -->
<testsuite hostname="LAPTOP-6OACLVLF" failures="0" tests="1" name="com.Selenium.AppScripts.AppTest" time="0.012" errors="0" timestamp="2021-01-29T06:29:39 IST" skipped="0">
  <testcase classname="com.Selenium.AppScripts.AppTest" name="launchbrowser" time="0.012"/>
  <system-out/>
</testsuite> <!-- com.Selenium.AppScripts.AppTest -->
