<?xml version="1.0" encoding="UTF-8"?>
<!-- Generated by org.testng.reporters.JUnitReportReporter -->
<testsuite hostname="LAPTOP-6OACLVLF" failures="0" tests="1" name="com.Selenium.AppScripts.AppTestScripts" time="0.013" errors="0" timestamp="2021-02-02T06:32:23 IST" skipped="0">
  <testcase classname="com.Selenium.AppScripts.AppTestScripts" name="launchbrowser" time="0.013"/>
  <system-out/>
</testsuite> <!-- com.Selenium.AppScripts.AppTestScripts -->
